[backblue.gif]
[fade.gif]
[index.html]
[gamedin.xyz/index.html]
[gamedin.xyz/mkworldwide-inc.html]
[img1.wsimg.com/isteam/ip/c418dba7-dede-41a5-a33a-0343ddf2e879/favicon/a9db421e-587a-4712-88a6-629e6527b623/13971229-fdaa-4adf-9ace-46b388914f38.jpg/_/rs=w_16,h_16,m.jpg]
[img1.wsimg.com/isteam/ip/c418dba7-dede-41a5-a33a-0343ddf2e879/favicon/a9db421e-587a-4712-88a6-629e6527b623/13971229-fdaa-4adf-9ace-46b388914f38.jpg/_/rs=w_24,h_24,m.jpg]
[img1.wsimg.com/isteam/ip/c418dba7-dede-41a5-a33a-0343ddf2e879/favicon/a9db421e-587a-4712-88a6-629e6527b623/13971229-fdaa-4adf-9ace-46b388914f38.jpg/_/rs=w_32,h_32,m.jpg]
[img1.wsimg.com/isteam/ip/c418dba7-dede-41a5-a33a-0343ddf2e879/favicon/a9db421e-587a-4712-88a6-629e6527b623/13971229-fdaa-4adf-9ace-46b388914f38.jpg/_/rs=w_48,h_48,m.jpg]
[img1.wsimg.com/isteam/ip/c418dba7-dede-41a5-a33a-0343ddf2e879/favicon/a9db421e-587a-4712-88a6-629e6527b623/13971229-fdaa-4adf-9ace-46b388914f38.jpg/_/rs=w_64,h_64,m.jpg]
[gamedin.xyz/manifest.webmanifest]
[img1.wsimg.com/isteam/ip/c418dba7-dede-41a5-a33a-0343ddf2e879/blob.png/_/rs=w_57,h_57,m.jpg]
[img1.wsimg.com/isteam/ip/c418dba7-dede-41a5-a33a-0343ddf2e879/blob.png/_/rs=w_60,h_60,m.jpg]
[img1.wsimg.com/isteam/ip/c418dba7-dede-41a5-a33a-0343ddf2e879/blob.png/_/rs=w_72,h_72,m.jpg]
[img1.wsimg.com/isteam/ip/c418dba7-dede-41a5-a33a-0343ddf2e879/blob.png/_/rs=w_114,h_114,m.jpg]
[img1.wsimg.com/isteam/ip/c418dba7-dede-41a5-a33a-0343ddf2e879/blob.png/_/rs=w_120,h_120,m.jpg]
[img1.wsimg.com/isteam/ip/c418dba7-dede-41a5-a33a-0343ddf2e879/blob.png/_/rs=w_144,h_144,m.jpg]
[img1.wsimg.com/isteam/ip/c418dba7-dede-41a5-a33a-0343ddf2e879/blob.png/_/rs=w_152,h_152,m.jpg]
[img1.wsimg.com/isteam/ip/c418dba7-dede-41a5-a33a-0343ddf2e879/blob.png/_/rs=w_180,h_180,m.jpg]
[img1.wsimg.com/blobby/go/font/indigo-outline/indigo-outline.css]
[gamedin.xyz/sw.js]
[gamedin.xyz/psychotherapy-shepard.html]
[gamedin.xyz/primal-genesis-engine™]
[gamedin.xyz/novasanctum-systems.html]
[gamedin.xyz/projects-1.html]
[gamedin.xyz/about.html]
[gamedin.xyz/support-the-troop.html]
[img1.wsimg.com/isteam/ip/c418dba7-dede-41a5-a33a-0343ddf2e879/shubham-dhage-_afH9fjiom0-unsplash.jpg/_/cr=t_16.67%,l_0%,w_100%,h_66.67%/rs=w_600,h_300,cg_true.jpg]
[img1.wsimg.com/isteam/ip/c418dba7-dede-41a5-a33a-0343ddf2e879/nasa-Q1p7bh3SHj8-unsplash.jpg/_/cr=t_12.42%,l_0%,w_100%,h_75.16%/rs=w_600,h_300,cg_true.jpg]
[img1.wsimg.com/isteam/ip/c418dba7-dede-41a5-a33a-0343ddf2e879/alina-grubnyak-ZiQkhI7417A-unsplash.jpg/_/cr=t_12.51%,l_0%,w_100%,h_74.99%/rs=w_600,h_300,cg_true.jpg]
[img1.wsimg.com/isteam/ip/c418dba7-dede-41a5-a33a-0343ddf2e879/vecteezy_ai-generated-pixel-art-game-backgroun.jpg/_/cr=t_0%,l_12.72%,w_74.55%,h_100%/rs=w_600,h_451.jpg]
[img1.wsimg.com/blobby/go/c418dba7-dede-41a5-a33a-0343ddf2e879/downloads/fbb26832-692c-45bc-b6e2-2fcc5e4e5248/Lux Initiative8aa5.pdf]
[img1.wsimg.com/blobby/go/c418dba7-dede-41a5-a33a-0343ddf2e879/downloads/bd63b200-7592-4702-bc83-6677977ffdc1/Research Initiative8aa5.pdf]
[img1.wsimg.com/blobby/go/c418dba7-dede-41a5-a33a-0343ddf2e879/downloads/fae21f98-e85a-4671-ad5b-69808bd19c7d/Declaration of Sovreignty8aa5.pdf]
[img1.wsimg.com/blobby/go/c418dba7-dede-41a5-a33a-0343ddf2e879/downloads/a14acef8-0a58-43b5-9e57-4a9ec8fcda4f/BioSynchronicity8aa5.pdf]
[img1.wsimg.com/blobby/go/c418dba7-dede-41a5-a33a-0343ddf2e879/downloads/03dfd2f8-9502-467e-9acb-c2faa04432a4/Apple 8aa5.pdf]
[img1.wsimg.com/blobby/go/c418dba7-dede-41a5-a33a-0343ddf2e879/downloads/256d97fd-a90c-49bc-b85b-a8f2c45129ad/LA & MKWW8aa5.pdf]
[img1.wsimg.com/blobby/go/c418dba7-dede-41a5-a33a-0343ddf2e879/downloads/cd80bbfb-f0d7-4911-86e8-d74c5cf3b2fc/State Attorney8aa5.pdf]
[img1.wsimg.com/blobby/go/c418dba7-dede-41a5-a33a-0343ddf2e879/gpub/8b22031d5dd24939/script.js]
[img1.wsimg.com/ceph-p3-01/website-builder-data-prod/static/widgets/UX.4.50.3.js]
[img1.wsimg.com/blobby/go/c418dba7-dede-41a5-a33a-0343ddf2e879/gpub/a7c31df350998a79/script.js]
[img1.wsimg.com/signals/js/clients/scc-c2/scc-c2.min.js]
[gamedin.xyz/mkworldwide-inc.html]
[img1.wsimg.com/isteam/getty/1693370226/_/cr=t_12.55%,l_0%,w_100%,h_74.9%/rs=w_600,h_300,cg_true.jpg]
[img1.wsimg.com/isteam/getty/1386643491/_/cr=t_12.5%,l_0%,w_100%,h_75%/rs=w_600,h_300,cg_true.jpg]
[img1.wsimg.com/blobby/go/c418dba7-dede-41a5-a33a-0343ddf2e879/downloads/dc6697bc-1afb-40c3-beee-4522ea9af7ac/Cad Catalyte8aa5.pdf]
[img1.wsimg.com/blobby/go/c418dba7-dede-41a5-a33a-0343ddf2e879/gpub/6330b707a41a7ce4/script.js]
[img1.wsimg.com/blobby/go/c418dba7-dede-41a5-a33a-0343ddf2e879/gpub/89aed2f0a061f74e/script.js]
[gamedin.xyz/psychotherapy-shepard.html]
[gamedin.xyz/primal-genesis-engine™.html]
[img1.wsimg.com/isteam/ip/c418dba7-dede-41a5-a33a-0343ddf2e879/5413F198-B74B-4839-9BEE-9C4FCCCA76EB.png/_/cr=t_0%,l_0%,w_100%,h_100%/rs=w_1240,cg_true.jpg]
[img1.wsimg.com/blobby/go/c418dba7-dede-41a5-a33a-0343ddf2e879/gpub/d5996264d8dcc719/script.js]
[img1.wsimg.com/blobby/go/c418dba7-dede-41a5-a33a-0343ddf2e879/gpub/2add15efc7c12c48/script.js]
[gamedin.xyz/novasanctum-systems.html]
[pay.gamedin.xyz/supportthemission.html]
[img1.wsimg.com/blobby/go/c418dba7-dede-41a5-a33a-0343ddf2e879/gpub/d766d3e21b504435/script.js]
[img1.wsimg.com/blobby/go/c418dba7-dede-41a5-a33a-0343ddf2e879/gpub/10d414440725a500/script.js]
[gamedin.xyz/projects-1.html]
[img1.wsimg.com/isteam/getty/1321965054/_/cr=t_8.31%,l_0%,w_100%,h_83.39%/rs=w_1240,h_620,cg_true.jpg]
[img1.wsimg.com/isteam/getty/1312316578/_/cr=t_10.59%,l_0%,w_100%,h_78.82%/rs=w_600,h_300,cg_true.jpg]
[img1.wsimg.com/isteam/getty/1400028174/_/cr=t_6.71%,l_0%,w_100%,h_86.59%/rs=w_600,h_300,cg_true.jpg]
[img1.wsimg.com/isteam/getty/1347304123/_/cr=t_0%,l_4.53%,w_90.94%,h_100%/rs=w_1240,h_620,cg_true.jpg]
[img1.wsimg.com/blobby/go/c418dba7-dede-41a5-a33a-0343ddf2e879/gpub/40219ce1cdd76909/script.js]
[img1.wsimg.com/blobby/go/c418dba7-dede-41a5-a33a-0343ddf2e879/gpub/ab6b6ee8c8f9110b/script.js]
[gamedin.xyz/about.html]
[img1.wsimg.com/isteam/ip/c418dba7-dede-41a5-a33a-0343ddf2e879/Screenshot 2025-04-07 at 17.17.18.png/_/rs=w_1240,h_620,cg_true,m/cr=w_1240,h_620.jpg]
[img1.wsimg.com/isteam/stock/326/_/rs=w_600,h_300,cg_true,m/cr=w_600,h_300.jpg]
[img1.wsimg.com/isteam/stock/YoO1DDq/_/rs=w_600,h_300,cg_true,m/cr=w_600,h_300.jpg]
[img1.wsimg.com/blobby/go/c418dba7-dede-41a5-a33a-0343ddf2e879/downloads/5faf5f34-c4ae-42ae-ac20-b2445466ea25/ADP147a.pdf]
[img1.wsimg.com/blobby/go/c418dba7-dede-41a5-a33a-0343ddf2e879/downloads/1996196d-adc6-4e32-b1b8-f4540a2b7846/Founding Scroll147a.pdf]
[img1.wsimg.com/blobby/go/c418dba7-dede-41a5-a33a-0343ddf2e879/downloads/b9060c9a-5ae4-4e4a-b6d1-098fc6c80784/GDP147a.pdf]
[img1.wsimg.com/blobby/go/c418dba7-dede-41a5-a33a-0343ddf2e879/downloads/648dfc01-15b8-4e35-b077-403310f4cf66/LL Grant App Form147a.pdf]
[img1.wsimg.com/blobby/go/c418dba7-dede-41a5-a33a-0343ddf2e879/downloads/0fbe0600-d5e4-4ae5-900b-b88feea90e32/Pending 501c147a.pdf]
[img1.wsimg.com/blobby/go/c418dba7-dede-41a5-a33a-0343ddf2e879/downloads/6f27dd79-8a26-4fdb-b397-7c72c072cb91/LL Grant Program147a.pdf]
[gamedin.xyz/support-the-troop.html]
[img1.wsimg.com/blobby/go/c418dba7-dede-41a5-a33a-0343ddf2e879/gpub/6ca1c9d23c285c15/script.js]
[img1.wsimg.com/blobby/go/c418dba7-dede-41a5-a33a-0343ddf2e879/gpub/81f6d2c9e854530e/script.js]
[cdn.poynt.net/checkout/manifest.json]
[cdn.poynt.net/checkout/favicon.ico]
[cdn.poynt.net/checkout/bundle.d1353.css]
[cdn.poynt.net/checkout/polyfills.e3257.js]
[pay.gamedin.xyz/supportthemission.html]
[gamedin.xyz/index.html]
[img1.wsimg.com/isteam/ip/c418dba7-dede-41a5-a33a-0343ddf2e879/favicon/a9db421e-587a-4712-88a6-629e6527b623/13971229-fdaa-4adf-9ace-46b388914f38.jpg/_/rs=w_16,h_16,m.jpg]
[gamedin.xyz/sw.js]
[img1.wsimg.com/isteam/ip/c418dba7-dede-41a5-a33a-0343ddf2e879/shubham-dhage-_afH9fjiom0-unsplash.jpg/_/cr=t_16.67%,l_0%,w_100%,h_66.67%/rs=w_600,h_300,cg_true.jpg]
[cdn.poynt.net/checkout/bundle.1d5a9.js]
[img1.wsimg.com/blobby/go/font/indigo-outline/indigo-outline.css]
[img1.wsimg.com/isteam/ip/c418dba7-dede-41a5-a33a-0343ddf2e879/nasa-Q1p7bh3SHj8-unsplash.jpg/_/cr=t_12.42%,l_0%,w_100%,h_75.16%/rs=w_600,h_300,cg_true.jpg]
[img1.wsimg.com/blobby/go/font/indigo-outline/indigo-outline.woff2]
[img1.wsimg.com/isteam/ip/c418dba7-dede-41a5-a33a-0343ddf2e879/alina-grubnyak-ZiQkhI7417A-unsplash.jpg/_/cr=t_12.51%,l_0%,w_100%,h_74.99%/rs=w_600,h_300,cg_true.jpg]
[img1.wsimg.com/isteam/ip/c418dba7-dede-41a5-a33a-0343ddf2e879/vecteezy_ai-generated-pixel-art-game-backgroun.jpg/_/cr=t_0%,l_12.72%,w_74.55%,h_100%/rs=w_600,h_451.jpg]
[img1.wsimg.com/blobby/go/c418dba7-dede-41a5-a33a-0343ddf2e879/downloads/62cb9474-a928-4e6d-986d-edbbf2d6b2be/RK Emergency Orders8aa5.pdf]
[img1.wsimg.com/blobby/go/c418dba7-dede-41a5-a33a-0343ddf2e879/downloads/cc3228e5-d125-4509-bd45-9067a2856326/RK Formal8aa5.pdf]
[gamedin.xyz/psychotherapy-shepard.html]
[img1.wsimg.com/blobby/go/c418dba7-dede-41a5-a33a-0343ddf2e879/downloads/fbb26832-692c-45bc-b6e2-2fcc5e4e5248/Lux Initiative8aa5.pdf]
[img1.wsimg.com/blobby/go/c418dba7-dede-41a5-a33a-0343ddf2e879/downloads/a14acef8-0a58-43b5-9e57-4a9ec8fcda4f/BioSynchronicity8aa5.pdf]
[img1.wsimg.com/isteam/getty/1693370226/_/cr=t_12.55%,l_0%,w_100%,h_74.9%/rs=w_600,h_300,cg_true.jpg]
[img1.wsimg.com/isteam/getty/1386643491/_/cr=t_12.5%,l_0%,w_100%,h_75%/rs=w_600,h_300,cg_true.jpg]
[img1.wsimg.com/blobby/go/c418dba7-dede-41a5-a33a-0343ddf2e879/gpub/6330b707a41a7ce4/script.js]
[img1.wsimg.com/blobby/go/c418dba7-dede-41a5-a33a-0343ddf2e879/gpub/89aed2f0a061f74e/script.js]
[img1.wsimg.com/isteam/ip/c418dba7-dede-41a5-a33a-0343ddf2e879/5413F198-B74B-4839-9BEE-9C4FCCCA76EB.png/_/cr=t_0%,l_0%,w_100%,h_100%/rs=w_1240,cg_true.jpg]
[img1.wsimg.com/blobby/go/c418dba7-dede-41a5-a33a-0343ddf2e879/gpub/d5996264d8dcc719/script.js]
[img1.wsimg.com/blobby/go/c418dba7-dede-41a5-a33a-0343ddf2e879/gpub/2add15efc7c12c48/script.js]
[img1.wsimg.com/blobby/go/c418dba7-dede-41a5-a33a-0343ddf2e879/gpub/d766d3e21b504435/script.js]
[img1.wsimg.com/blobby/go/c418dba7-dede-41a5-a33a-0343ddf2e879/gpub/10d414440725a500/script.js]
[img1.wsimg.com/isteam/getty/1321965054/_/cr=t_8.31%,l_0%,w_100%,h_83.39%/rs=w_1240,h_620,cg_true.jpg]
[img1.wsimg.com/isteam/getty/1312316578/_/cr=t_10.59%,l_0%,w_100%,h_78.82%/rs=w_600,h_300,cg_true.jpg]
[img1.wsimg.com/isteam/getty/1400028174/_/cr=t_6.71%,l_0%,w_100%,h_86.59%/rs=w_600,h_300,cg_true.jpg]
[img1.wsimg.com/isteam/getty/1347304123/_/cr=t_0%,l_4.53%,w_90.94%,h_100%/rs=w_1240,h_620,cg_true.jpg]
[img1.wsimg.com/blobby/go/c418dba7-dede-41a5-a33a-0343ddf2e879/gpub/40219ce1cdd76909/script.js]
[img1.wsimg.com/blobby/go/c418dba7-dede-41a5-a33a-0343ddf2e879/gpub/ab6b6ee8c8f9110b/script.js]
[img1.wsimg.com/isteam/ip/c418dba7-dede-41a5-a33a-0343ddf2e879/Screenshot 2025-04-07 at 17.17.18.png/_/rs=w_1240,h_620,cg_true,m/cr=w_1240,h_620.jpg]
[img1.wsimg.com/isteam/stock/326/_/rs=w_600,h_300,cg_true,m/cr=w_600,h_300.jpg]
[img1.wsimg.com/isteam/stock/YoO1DDq/_/rs=w_600,h_300,cg_true,m/cr=w_600,h_300.jpg]
[cdn.poynt.net/checkout/bundle.1d5a9.js]
[cdn.poynt.net/checkout/polyfills.e3257.js]
[d85ecz8votkqa.cloudfront.net/fonts/gd-sherpa-regular.eot]
[cdn.poynt.net/checkout/bundle.d1353.css]
[img1.wsimg.com/blobby/go/c418dba7-dede-41a5-a33a-0343ddf2e879/downloads/5faf5f34-c4ae-42ae-ac20-b2445466ea25/ADP147a.pdf]
